[debug] [2025-06-15T02:00:55.699Z] ----------------------------------------------------------------------
[debug] [2025-06-15T02:00:55.714Z] Command:       C:\Program Files\nodejs\node.exe C:\Users\shaun\AppData\Roaming\npm\node_modules\firebase-tools\lib\bin\firebase.js deploy --only hosting
[debug] [2025-06-15T02:00:55.715Z] CLI Version:   14.4.0
[debug] [2025-06-15T02:00:55.716Z] Platform:      win32
[debug] [2025-06-15T02:00:55.716Z] Node Version:  v22.16.0
[debug] [2025-06-15T02:00:55.717Z] Time:          Sat Jun 14 2025 20:00:55 GMT-0600 (Mountain Daylight Time)
[debug] [2025-06-15T02:00:55.718Z] ----------------------------------------------------------------------
[debug] 
[debug] [2025-06-15T02:00:55.725Z] >>> [apiv2][query] GET https://firebase-public.firebaseio.com/cli.json [none]
[debug] [2025-06-15T02:00:57.295Z] > command requires scopes: ["email","openid","https://www.googleapis.com/auth/cloudplatformprojects.readonly","https://www.googleapis.com/auth/firebase","https://www.googleapis.com/auth/cloud-platform"]
[debug] [2025-06-15T02:00:57.296Z] > authorizing via signed-in user (shaunwhite492@gmail.com)
[debug] [2025-06-15T02:00:57.296Z] [iam] checking project horrorverse-5d9dd for permissions ["firebase.projects.get","firebasehosting.sites.update"]
[debug] [2025-06-15T02:00:57.298Z] Checked if tokens are valid: false, expires at: 1749267879644
[debug] [2025-06-15T02:00:57.298Z] Checked if tokens are valid: false, expires at: 1749267879644
[debug] [2025-06-15T02:00:57.299Z] > refreshing access token with scopes: []
[debug] [2025-06-15T02:00:57.303Z] >>> [apiv2][query] POST https://www.googleapis.com/oauth2/v3/token [none]
[debug] [2025-06-15T02:00:57.303Z] >>> [apiv2][body] POST https://www.googleapis.com/oauth2/v3/token [omitted]
[debug] [2025-06-15T02:00:57.475Z] <<< [apiv2][status] GET https://firebase-public.firebaseio.com/cli.json 200
[debug] [2025-06-15T02:00:57.476Z] <<< [apiv2][body] GET https://firebase-public.firebaseio.com/cli.json {"cloudBuildErrorAfter":1594252800000,"cloudBuildWarnAfter":1590019200000,"defaultNode10After":1594252800000,"minVersion":"3.0.5","node8DeploysDisabledAfter":1613390400000,"node8RuntimeDisabledAfter":1615809600000,"node8WarnAfter":1600128000000}
[debug] [2025-06-15T02:00:57.597Z] <<< [apiv2][status] POST https://www.googleapis.com/oauth2/v3/token 200
[debug] [2025-06-15T02:00:57.597Z] <<< [apiv2][body] POST https://www.googleapis.com/oauth2/v3/token [omitted]
[debug] [2025-06-15T02:00:57.609Z] >>> [apiv2][query] POST https://cloudresourcemanager.googleapis.com/v1/projects/horrorverse-5d9dd:testIamPermissions [none]
[debug] [2025-06-15T02:00:57.609Z] >>> [apiv2][(partial)header] POST https://cloudresourcemanager.googleapis.com/v1/projects/horrorverse-5d9dd:testIamPermissions x-goog-quota-user=projects/horrorverse-5d9dd
[debug] [2025-06-15T02:00:57.610Z] >>> [apiv2][body] POST https://cloudresourcemanager.googleapis.com/v1/projects/horrorverse-5d9dd:testIamPermissions {"permissions":["firebase.projects.get","firebasehosting.sites.update"]}
[debug] [2025-06-15T02:00:57.859Z] <<< [apiv2][status] POST https://cloudresourcemanager.googleapis.com/v1/projects/horrorverse-5d9dd:testIamPermissions 200
[debug] [2025-06-15T02:00:57.859Z] <<< [apiv2][body] POST https://cloudresourcemanager.googleapis.com/v1/projects/horrorverse-5d9dd:testIamPermissions {"permissions":["firebase.projects.get","firebasehosting.sites.update"]}
[debug] [2025-06-15T02:00:57.861Z] Checked if tokens are valid: true, expires at: 1749956456597
[debug] [2025-06-15T02:00:57.861Z] Checked if tokens are valid: true, expires at: 1749956456597
[debug] [2025-06-15T02:00:57.862Z] >>> [apiv2][query] GET https://firebase.googleapis.com/v1beta1/projects/horrorverse-5d9dd [none]
[debug] [2025-06-15T02:00:58.114Z] <<< [apiv2][status] GET https://firebase.googleapis.com/v1beta1/projects/horrorverse-5d9dd 200
[debug] [2025-06-15T02:00:58.115Z] <<< [apiv2][body] GET https://firebase.googleapis.com/v1beta1/projects/horrorverse-5d9dd {"projectId":"horrorverse-5d9dd","projectNumber":"828575279624","displayName":"HorrorVerse","name":"projects/horrorverse-5d9dd","resources":{"hostingSite":"horrorverse-5d9dd"},"state":"ACTIVE","etag":"1_d7fc8911-1727-4c32-bfd1-32fbb1d65333"}
[info] 
[info] === Deploying to 'horrorverse-5d9dd'...
[info] 
[info] i  deploying hosting 
[debug] [2025-06-15T02:00:58.151Z] Checked if tokens are valid: true, expires at: 1749956456597
[debug] [2025-06-15T02:00:58.151Z] Checked if tokens are valid: true, expires at: 1749956456597
[debug] [2025-06-15T02:00:58.151Z] >>> [apiv2][query] POST https://firebasehosting.googleapis.com/v1beta1/projects/-/sites/horrorverse-5d9dd/versions [none]
[debug] [2025-06-15T02:00:58.151Z] >>> [apiv2][body] POST https://firebasehosting.googleapis.com/v1beta1/projects/-/sites/horrorverse-5d9dd/versions {"status":"CREATED","labels":{"deployment-tool":"cli-firebase"}}
